<?xml version="1.0" encoding="UTF-8"?>
<!-- Generated by org.testng.reporters.JUnitReportReporter -->
<testsuite hostname="PROYQALAB09" failures="0" tests="3" name="portalSTEP.TestPortal3Guias" time="8.108" errors="0" timestamp="12 jul 2019 22:54:02 GMT" skipped="0">
  <testcase classname="portalSTEP.TestPortal3Guias" name="saludo" time="0.715"/>
  <testcase classname="portalSTEP.TestPortal3Guias" name="saludo" time="5.009"/>
  <testcase classname="portalSTEP.TestPortal3Guias" name="saludo" time="2.384"/>
</testsuite> <!-- portalSTEP.TestPortal3Guias -->
